This is pdfTeX, Version 3.141592653-2.6-1.40.25 (MiKTeX 23.10.12) (preloaded format=pdflatex 2023.10.28)  22 FEB 2024 20:54
entering extended mode
 restricted \write18 enabled.
 %&-line parsing enabled.
**./Dokumentation.tex
(Dokumentation.tex
LaTeX2e <2023-06-01> patch level 1
L3 programming layer <2023-10-23>

(C:\Users\denni\AppData\Local\Programs\MiKTeX\tex/latex/koma-script\scrartcl.cl
s
Document Class: scrartcl 2023/07/07 v3.41 KOMA-Script document class (article)

(C:\Users\denni\AppData\Local\Programs\MiKTeX\tex/latex/koma-script\scrkbase.st
y
Package: scrkbase 2023/07/07 v3.41 KOMA-Script package (KOMA-Script-dependent b
asics and keyval usage)

(C:\Users\denni\AppData\Local\Programs\MiKTeX\tex/latex/koma-script\scrbase.sty
Package: scrbase 2023/07/07 v3.41 KOMA-Script package (KOMA-Script-independent 
basics and keyval usage)

(C:\Users\denni\AppData\Local\Programs\MiKTeX\tex/latex/koma-script\scrlfile.st
y
Package: scrlfile 2023/07/07 v3.41 KOMA-Script package (file load hooks)

(C:\Users\denni\AppData\Local\Programs\MiKTeX\tex/latex/koma-script\scrlfile-ho
ok.sty
Package: scrlfile-hook 2023/07/07 v3.41 KOMA-Script package (using LaTeX hooks)


(C:\Users\denni\AppData\Local\Programs\MiKTeX\tex/latex/koma-script\scrlogo.sty
Package: scrlogo 2023/07/07 v3.41 KOMA-Script package (logo)
))) (C:\Users\denni\AppData\Local\Programs\MiKTeX\tex/latex/graphics\keyval.sty
Package: keyval 2022/05/29 v1.15 key=value parser (DPC)
\KV@toks@=\toks17
)
Applying: [2021/05/01] Usage of raw or classic option list on input line 252.
Already applied: [0000/00/00] Usage of raw or classic option list on input line
 368.
))
(C:\Users\denni\AppData\Local\Programs\MiKTeX\tex/latex/koma-script\tocbasic.st
y
Package: tocbasic 2023/07/07 v3.41 KOMA-Script package (handling toc-files)
\scr@dte@tocline@numberwidth=\skip48
\scr@dte@tocline@numbox=\box51
)
Package tocbasic Info: omitting babel extension for `toc'
(tocbasic)             because of feature `nobabel' available
(tocbasic)             for `toc' on input line 133.
Package scrartcl Info: You've used standard option `12pt'.
(scrartcl)             This is correct!
(scrartcl)             Internally I'm using `fontsize=12pt'.
(scrartcl)             If you'd like to set the option with \KOMAoptions,
(scrartcl)             you'd have to use `fontsize=12pt' there
(scrartcl)             instead of `12pt', too.
Class scrartcl Info: File `scrsize12pt.clo' used to setup font sizes on input l
ine 2441.

(C:\Users\denni\AppData\Local\Programs\MiKTeX\tex/latex/koma-script\scrsize12pt
.clo
File: scrsize12pt.clo 2023/07/07 v3.41 KOMA-Script font size class option (12pt
)
)
(C:\Users\denni\AppData\Local\Programs\MiKTeX\tex/latex/koma-script\typearea.st
y
Package: typearea 2023/07/07 v3.41 KOMA-Script package (type area)
\ta@bcor=\skip49
\ta@div=\count186
\ta@hblk=\skip50
\ta@vblk=\skip51
\ta@temp=\skip52
\footheight=\skip53
Package typearea Info: These are the values describing the layout:
(typearea)             DIV  = 12
(typearea)             BCOR = 0.0pt
(typearea)             \paperwidth      = 597.50793pt
(typearea)              \textwidth      = 448.13095pt
(typearea)              DIV departure   = -6%
(typearea)              \evensidemargin = 2.4185pt
(typearea)              \oddsidemargin  = 2.4185pt
(typearea)             \paperheight     = 845.04694pt
(typearea)              \textheight     = 635.5pt
(typearea)              \topmargin      = -41.72441pt
(typearea)              \headheight     = 18.125pt
(typearea)              \headsep        = 21.75pt
(typearea)              \topskip        = 12.0pt
(typearea)              \footskip       = 50.75pt
(typearea)              \baselineskip   = 14.5pt
(typearea)              on input line 1799.
)
\c@part=\count187
\c@section=\count188
\c@subsection=\count189
\c@subsubsection=\count190
\c@paragraph=\count191
\c@subparagraph=\count192
\scr@dte@section@maxnumwidth=\skip54
Class scrartcl Info: using compatibility default `runin=bysign'
(scrartcl)           for `\section on input line 5082.
Class scrartcl Info: using compatibility default `afterindent=bysign'
(scrartcl)           for `\section on input line 5082.
\scr@dte@part@maxnumwidth=\skip55
Class scrartcl Info: using compatibility default `afterindent=false'
(scrartcl)           for `\part on input line 5090.
\scr@dte@subsection@maxnumwidth=\skip56
Class scrartcl Info: using compatibility default `runin=bysign'
(scrartcl)           for `\subsection on input line 5100.
Class scrartcl Info: using compatibility default `afterindent=bysign'
(scrartcl)           for `\subsection on input line 5100.
\scr@dte@subsubsection@maxnumwidth=\skip57
Class scrartcl Info: using compatibility default `runin=bysign'
(scrartcl)           for `\subsubsection on input line 5110.
Class scrartcl Info: using compatibility default `afterindent=bysign'
(scrartcl)           for `\subsubsection on input line 5110.
\scr@dte@paragraph@maxnumwidth=\skip58
Class scrartcl Info: using compatibility default `runin=bysign'
(scrartcl)           for `\paragraph on input line 5121.
Class scrartcl Info: using compatibility default `afterindent=bysign'
(scrartcl)           for `\paragraph on input line 5121.
\scr@dte@subparagraph@maxnumwidth=\skip59
Class scrartcl Info: using compatibility default `runin=bysign'
(scrartcl)           for `\subparagraph on input line 5131.
Class scrartcl Info: using compatibility default `afterindent=bysign'
(scrartcl)           for `\subparagraph on input line 5131.
\abovecaptionskip=\skip60
\belowcaptionskip=\skip61
\c@pti@nb@sid@b@x=\box52
Package tocbasic Info: omitting babel extension for `lof'
(tocbasic)             because of feature `nobabel' available
(tocbasic)             for `lof' on input line 6309.
\scr@dte@figure@maxnumwidth=\skip62
\c@figure=\count193
Package tocbasic Info: omitting babel extension for `lot'
(tocbasic)             because of feature `nobabel' available
(tocbasic)             for `lot' on input line 6325.
\scr@dte@table@maxnumwidth=\skip63
\c@table=\count194
Class scrartcl Info: Redefining `\numberline' on input line 6495.
\bibindent=\dimen140
)
(C:\Users\denni\AppData\Local\Programs\MiKTeX\tex/latex/koma-script\scrlayer-sc
rpage.sty
Package: scrlayer-scrpage 2023/07/07 v3.41 KOMA-Script package (end user interf
ace for scrlayer)

(C:\Users\denni\AppData\Local\Programs\MiKTeX\tex/latex/koma-script\scrlayer.st
y
Package: scrlayer 2023/07/07 v3.41 KOMA-Script package (defining layers and pag
e styles)
Package scrlayer Info: patching LaTeX kernel macro \pagestyle on input line 218
3.
)
Package scrlayer-scrpage Info: Makeing stand-alone element `pagehead' from
(scrlayer-scrpage)             alias to `pageheadfoot' on input line 1106.
) (C:\Users\denni\AppData\Local\Programs\MiKTeX\tex/latex/amsmath\amsmath.sty
Package: amsmath 2023/05/13 v2.17o AMS math features
\@mathmargin=\skip64
For additional information on amsmath, use the `?' option.
(C:\Users\denni\AppData\Local\Programs\MiKTeX\tex/latex/amsmath\amstext.sty
Package: amstext 2021/08/26 v2.01 AMS text

(C:\Users\denni\AppData\Local\Programs\MiKTeX\tex/latex/amsmath\amsgen.sty
File: amsgen.sty 1999/11/30 v2.0 generic functions
\@emptytoks=\toks18
\ex@=\dimen141
))
(C:\Users\denni\AppData\Local\Programs\MiKTeX\tex/latex/amsmath\amsbsy.sty
Package: amsbsy 1999/11/29 v1.2d Bold Symbols
\pmbraise@=\dimen142
)
(C:\Users\denni\AppData\Local\Programs\MiKTeX\tex/latex/amsmath\amsopn.sty
Package: amsopn 2022/04/08 v2.04 operator names
)
\inf@bad=\count195
LaTeX Info: Redefining \frac on input line 234.
\uproot@=\count196
\leftroot@=\count197
LaTeX Info: Redefining \overline on input line 399.
LaTeX Info: Redefining \colon on input line 410.
\classnum@=\count198
\DOTSCASE@=\count199
LaTeX Info: Redefining \ldots on input line 496.
LaTeX Info: Redefining \dots on input line 499.
LaTeX Info: Redefining \cdots on input line 620.
\Mathstrutbox@=\box53
\strutbox@=\box54
LaTeX Info: Redefining \big on input line 722.
LaTeX Info: Redefining \Big on input line 723.
LaTeX Info: Redefining \bigg on input line 724.
LaTeX Info: Redefining \Bigg on input line 725.
\big@size=\dimen143
LaTeX Font Info:    Redeclaring font encoding OML on input line 743.
LaTeX Font Info:    Redeclaring font encoding OMS on input line 744.
\macc@depth=\count266
LaTeX Info: Redefining \bmod on input line 905.
LaTeX Info: Redefining \pmod on input line 910.
LaTeX Info: Redefining \smash on input line 940.
LaTeX Info: Redefining \relbar on input line 970.
LaTeX Info: Redefining \Relbar on input line 971.
\c@MaxMatrixCols=\count267
\dotsspace@=\muskip16
\c@parentequation=\count268
\dspbrk@lvl=\count269
\tag@help=\toks19
\row@=\count270
\column@=\count271
\maxfields@=\count272
\andhelp@=\toks20
\eqnshift@=\dimen144
\alignsep@=\dimen145
\tagshift@=\dimen146
\tagwidth@=\dimen147
\totwidth@=\dimen148
\lineht@=\dimen149
\@envbody=\toks21
\multlinegap=\skip65
\multlinetaggap=\skip66
\mathdisplay@stack=\toks22
LaTeX Info: Redefining \[ on input line 2953.
LaTeX Info: Redefining \] on input line 2954.
)
(C:\Users\denni\AppData\Local\Programs\MiKTeX\tex/latex/amsfonts\amssymb.sty
Package: amssymb 2013/01/14 v3.01 AMS font symbols

(C:\Users\denni\AppData\Local\Programs\MiKTeX\tex/latex/amsfonts\amsfonts.sty
Package: amsfonts 2013/01/14 v3.01 Basic AMSFonts support
\symAMSa=\mathgroup4
\symAMSb=\mathgroup5
LaTeX Font Info:    Redeclaring math symbol \hbar on input line 98.
LaTeX Font Info:    Overwriting math alphabet `\mathfrak' in version `bold'
(Font)                  U/euf/m/n --> U/euf/b/n on input line 106.
)) (C:\Users\denni\AppData\Local\Programs\MiKTeX\tex/latex/tools\enumerate.sty
Package: enumerate 2015/07/23 v3.00 enumerate extensions (DPC)
\@enLab=\toks23
)
(C:\Users\denni\AppData\Local\Programs\MiKTeX\tex/latex/graphics\graphicx.sty
Package: graphicx 2021/09/16 v1.2d Enhanced LaTeX Graphics (DPC,SPQR)

(C:\Users\denni\AppData\Local\Programs\MiKTeX\tex/latex/graphics\graphics.sty
Package: graphics 2022/03/10 v1.4e Standard LaTeX Graphics (DPC,SPQR)

(C:\Users\denni\AppData\Local\Programs\MiKTeX\tex/latex/graphics\trig.sty
Package: trig 2021/08/11 v1.11 sin cos tan (DPC)
)
(C:\Users\denni\AppData\Local\Programs\MiKTeX\tex/latex/graphics-cfg\graphics.c
fg
File: graphics.cfg 2016/06/04 v1.11 sample graphics configuration
)
Package graphics Info: Driver file: pdftex.def on input line 107.

(C:\Users\denni\AppData\Local\Programs\MiKTeX\tex/latex/graphics-def\pdftex.def
File: pdftex.def 2022/09/22 v1.2b Graphics/color driver for pdftex
))
\Gin@req@height=\dimen150
\Gin@req@width=\dimen151
) (C:\Users\denni\AppData\Local\Programs\MiKTeX\tex/generic/babel\babel.sty
Package: babel 2023/10/25 v3.96 The Babel package
\babel@savecnt=\count273
\U@D=\dimen152
\l@unhyphenated=\language79

(C:\Users\denni\AppData\Local\Programs\MiKTeX\tex/generic/babel\txtbabel.def)
\bbl@readstream=\read2
\bbl@dirlevel=\count274

*************************************
* Local config file bblopts.cfg used
*
(C:\Users\denni\AppData\Local\Programs\MiKTeX\tex/latex/arabi\bblopts.cfg
File: bblopts.cfg 2005/09/08 v0.1 add Arabic and Farsi to "declared" options of
 babel
)
(C:\Users\denni\AppData\Local\Programs\MiKTeX\tex/latex/babel-german\german.ldf
Language: german 2021/02/27 v2.13 German support for babel (pre-1996 orthograph
y)

(C:\Users\denni\AppData\Local\Programs\MiKTeX\tex/latex/babel-german\germanb.ld
f
Language: germanb 2021/02/27 v2.13 German support for babel (pre-1996 orthograp
hy)
Package babel Info: Making " an active character on input line 139.
)))
(C:\Users\denni\AppData\Local\Programs\MiKTeX\tex/generic/babel/locale/de\babel
-german.tex
Package babel Info: Importing font and identification data for german
(babel)             from babel-de-1901.ini. Reported on input line 25.
)
(C:\Users\denni\AppData\Local\Programs\MiKTeX\tex/latex/base\fontenc.sty
Package: fontenc 2021/04/29 v2.0v Standard LaTeX package
)
(C:\Users\denni\AppData\Local\Programs\MiKTeX\tex/latex/lm\lmodern.sty
Package: lmodern 2015/05/01 v1.6.1 Latin Modern Fonts
LaTeX Font Info:    Overwriting symbol font `operators' in version `normal'
(Font)                  OT1/cmr/m/n --> OT1/lmr/m/n on input line 22.
LaTeX Font Info:    Overwriting symbol font `letters' in version `normal'
(Font)                  OML/cmm/m/it --> OML/lmm/m/it on input line 23.
LaTeX Font Info:    Overwriting symbol font `symbols' in version `normal'
(Font)                  OMS/cmsy/m/n --> OMS/lmsy/m/n on input line 24.
LaTeX Font Info:    Overwriting symbol font `largesymbols' in version `normal'
(Font)                  OMX/cmex/m/n --> OMX/lmex/m/n on input line 25.
LaTeX Font Info:    Overwriting symbol font `operators' in version `bold'
(Font)                  OT1/cmr/bx/n --> OT1/lmr/bx/n on input line 26.
LaTeX Font Info:    Overwriting symbol font `letters' in version `bold'
(Font)                  OML/cmm/b/it --> OML/lmm/b/it on input line 27.
LaTeX Font Info:    Overwriting symbol font `symbols' in version `bold'
(Font)                  OMS/cmsy/b/n --> OMS/lmsy/b/n on input line 28.
LaTeX Font Info:    Overwriting symbol font `largesymbols' in version `bold'
(Font)                  OMX/cmex/m/n --> OMX/lmex/m/n on input line 29.
LaTeX Font Info:    Overwriting math alphabet `\mathbf' in version `normal'
(Font)                  OT1/cmr/bx/n --> OT1/lmr/bx/n on input line 31.
LaTeX Font Info:    Overwriting math alphabet `\mathsf' in version `normal'
(Font)                  OT1/cmss/m/n --> OT1/lmss/m/n on input line 32.
LaTeX Font Info:    Overwriting math alphabet `\mathit' in version `normal'
(Font)                  OT1/cmr/m/it --> OT1/lmr/m/it on input line 33.
LaTeX Font Info:    Overwriting math alphabet `\mathtt' in version `normal'
(Font)                  OT1/cmtt/m/n --> OT1/lmtt/m/n on input line 34.
LaTeX Font Info:    Overwriting math alphabet `\mathbf' in version `bold'
(Font)                  OT1/cmr/bx/n --> OT1/lmr/bx/n on input line 35.
LaTeX Font Info:    Overwriting math alphabet `\mathsf' in version `bold'
(Font)                  OT1/cmss/bx/n --> OT1/lmss/bx/n on input line 36.
LaTeX Font Info:    Overwriting math alphabet `\mathit' in version `bold'
(Font)                  OT1/cmr/bx/it --> OT1/lmr/bx/it on input line 37.
LaTeX Font Info:    Overwriting math alphabet `\mathtt' in version `bold'
(Font)                  OT1/cmtt/m/n --> OT1/lmtt/m/n on input line 38.
)
(C:\Users\denni\AppData\Local\Programs\MiKTeX\tex/latex/base\textcomp.sty
Package: textcomp 2020/02/02 v2.0n Standard LaTeX package
)
(C:\Users\denni\AppData\Local\Programs\MiKTeX\tex/latex/base\inputenc.sty
Package: inputenc 2021/02/14 v1.3d Input encoding file
\inpenc@prehook=\toks24
\inpenc@posthook=\toks25
)
(C:\Users\denni\AppData\Local\Programs\MiKTeX\tex/latex/ntheorem\ntheorem.sty
Style `ntheorem', Version 1.33 <2011/08/15>
Package: ntheorem 2011/08/15 1.33
(C:\Users\denni\AppData\Local\Programs\MiKTeX\tex/latex/base\ifthen.sty
Package: ifthen 2022/04/13 v1.1d Standard LaTeX ifthen package (DPC)
)
\theorem@style=\toks26
\theorem@@style=\toks27
\theorembodyfont=\toks28
\theoremnumbering=\toks29
\theorempreskipamount=\skip67
\theorempostskipamount=\skip68
\theoremframepreskipamount=\skip69
\theoremframepostskipamount=\skip70
\theoreminframepreskipamount=\skip71
\theoreminframepostskipamount=\skip72
\theorem@preskip=\toks30
\theorem@postskip=\toks31
\theorem@framepreskip=\toks32
\theorem@framepostskip=\toks33
\theorem@inframepreskip=\toks34
\theorem@inframepostskip=\toks35
\theoremindent=\dimen153
\theorem@indent=\dimen154
\theoremrightindent=\dimen155
\theorem@rightindent=\dimen156
\theoremheaderfont=\toks36
\theoremseparator=\toks37
\theoremprework=\toks38
\theorempostwork=\toks39
\theoremsymbol=\toks40
\qedsymbol=\toks41
\theoremkeyword=\toks42
\qedsymbol=\toks43
\thm@topsep=\skip73
\thm@topsepadd=\skip74
Package ntheorem Info: Option `thmmarks' loaded on input line 1175.
\c@endNonectr=\count275
\c@currNonectr=\count276
\mysavskip=\skip75
Package ntheorem Info: option `amsmath' handling for `thmmarks' loaded on input
 line 1175.
\thm@amstmpdepth=\dimen157
\tagwidth=\dimen158
)
\c@currsatzctr=\count277
\c@endsatzctr=\count278
\c@satz=\count279
\c@currhilfssatzctr=\count280
\c@endhilfssatzctr=\count281
\c@currkorctr=\count282
\c@endkorctr=\count283
\c@currbeispielctr=\count284
\c@endbeispielctr=\count285
\c@currbemerkungctr=\count286
\c@endbemerkungctr=\count287
\c@currdefinitionctr=\count288
\c@enddefinitionctr=\count289
\c@currbeweisctr=\count290
\c@endbeweisctr=\count291
\c@beweis=\count292

(C:\Users\denni\AppData\Local\Programs\MiKTeX\tex/latex/graphics\color.sty
Package: color 2022/01/06 v1.3d Standard LaTeX Color (DPC)

(C:\Users\denni\AppData\Local\Programs\MiKTeX\tex/latex/graphics-cfg\color.cfg
File: color.cfg 2016/01/02 v1.6 sample color configuration
)
Package color Info: Driver file: pdftex.def on input line 149.
(C:\Users\denni\AppData\Local\Programs\MiKTeX\tex/latex/graphics\mathcolor.ltx)
)
Package color Info: Redefining color white on input line 104.
 (C:\Users\denni\AppData\Local\Programs\MiKTeX\tex/latex/xcolor\xcolor.sty
Package: xcolor 2022/06/12 v2.14 LaTeX color extensions (UK)

(C:\Users\denni\AppData\Local\Programs\MiKTeX\tex/latex/graphics-cfg\color.cfg
File: color.cfg 2016/01/02 v1.6 sample color configuration
)
Package xcolor Info: Driver file: pdftex.def on input line 227.
(C:\Users\denni\AppData\Local\Programs\MiKTeX\tex/latex/colortbl\colortbl.sty
Package: colortbl 2022/06/20 v1.0f Color table columns (DPC)

(C:\Users\denni\AppData\Local\Programs\MiKTeX\tex/latex/tools\array.sty
Package: array 2022/09/04 v2.5g Tabular extension package (FMi)
\col@sep=\dimen159
\ar@mcellbox=\box55
\extrarowheight=\dimen160
\NC@list=\toks44
\extratabsurround=\skip76
\backup@length=\skip77
\ar@cellbox=\box56
)
\everycr=\toks45
\minrowclearance=\skip78
\rownum=\count293
)
LaTeX Info: Redefining \color on input line 711.

(C:\Users\denni\AppData\Local\Programs\MiKTeX\tex/latex/graphics\mathcolor.ltx)
Package xcolor Info: Model `cmy' substituted by `cmy0' on input line 1353.
Package xcolor Info: Model `hsb' substituted by `rgb' on input line 1357.
Package xcolor Info: Model `RGB' extended on input line 1369.
Package xcolor Info: Model `HTML' substituted by `rgb' on input line 1371.
Package xcolor Info: Model `Hsb' substituted by `hsb' on input line 1372.
Package xcolor Info: Model `tHsb' substituted by `hsb' on input line 1373.
Package xcolor Info: Model `HSB' substituted by `hsb' on input line 1374.
Package xcolor Info: Model `Gray' substituted by `gray' on input line 1375.
Package xcolor Info: Model `wave' substituted by `hsb' on input line 1376.
) (C:\Users\denni\AppData\Local\Programs\MiKTeX\tex/latex/lipsum\lipsum.sty
(C:\Users\denni\AppData\Local\Programs\MiKTeX\tex/latex/l3packages/l3keys2e\l3k
eys2e.sty
(C:\Users\denni\AppData\Local\Programs\MiKTeX\tex/latex/l3kernel\expl3.sty
Package: expl3 2023-10-23 L3 programming layer (loader) 

(C:\Users\denni\AppData\Local\Programs\MiKTeX\tex/latex/l3backend\l3backend-pdf
tex.def
File: l3backend-pdftex.def 2023-10-23 L3 backend support: PDF output (pdfTeX)
\l__color_backend_stack_int=\count294
\l__pdf_internal_box=\box57
))
Package: l3keys2e 2023-10-10 LaTeX2e option processing using LaTeX3 keys
)
Package: lipsum 2021-09-20 v2.7 150 paragraphs of Lorem Ipsum dummy text
\g__lipsum_par_int=\count295
\l__lipsum_a_int=\count296
\l__lipsum_b_int=\count297

(C:\Users\denni\AppData\Local\Programs\MiKTeX\tex/latex/lipsum\lipsum.ltd.tex))
(C:\Users\denni\AppData\Local\Programs\MiKTeX\tex/latex/wrapfig\wrapfig.sty
\wrapoverhang=\dimen161
\WF@size=\dimen162
\c@WF@wrappedlines=\count298
\WF@box=\box58
\WF@everypar=\toks46
Package: wrapfig 2003/01/31  v 3.6
)
LaTeX Font Info:    Trying to load font information for T1+lmr on input line 12
9.

(C:\Users\denni\AppData\Local\Programs\MiKTeX\tex/latex/lm\t1lmr.fd
File: t1lmr.fd 2015/05/01 v1.6.1 Font defs for Latin Modern
)
(Dokumentation.aux)
\openout1 = `Dokumentation.aux'.

LaTeX Font Info:    Checking defaults for OML/cmm/m/it on input line 129.
LaTeX Font Info:    ... okay on input line 129.
LaTeX Font Info:    Checking defaults for OMS/cmsy/m/n on input line 129.
LaTeX Font Info:    ... okay on input line 129.
LaTeX Font Info:    Checking defaults for OT1/cmr/m/n on input line 129.
LaTeX Font Info:    ... okay on input line 129.
LaTeX Font Info:    Checking defaults for T1/cmr/m/n on input line 129.
LaTeX Font Info:    ... okay on input line 129.
LaTeX Font Info:    Checking defaults for TS1/cmr/m/n on input line 129.
LaTeX Font Info:    ... okay on input line 129.
LaTeX Font Info:    Checking defaults for OMX/cmex/m/n on input line 129.
LaTeX Font Info:    ... okay on input line 129.
LaTeX Font Info:    Checking defaults for U/cmr/m/n on input line 129.
LaTeX Font Info:    ... okay on input line 129.

(C:\Users\denni\AppData\Local\Programs\MiKTeX\tex/context/base/mkii\supp-pdf.mk
ii
[Loading MPS to PDF converter (version 2006.09.02).]
\scratchcounter=\count299
\scratchdimen=\dimen163
\scratchbox=\box59
\nofMPsegments=\count300
\nofMParguments=\count301
\everyMPshowfont=\toks47
\MPscratchCnt=\count302
\MPscratchDim=\dimen164
\MPnumerator=\count303
\makeMPintoPDFobject=\count304
\everyMPtoPDFconversion=\toks48
)
(C:\Users\denni\AppData\Local\Programs\MiKTeX\tex/latex/epstopdf-pkg\epstopdf-b
ase.sty
Package: epstopdf-base 2020-01-24 v2.11 Base part for package epstopdf
Package epstopdf-base Info: Redefining graphics rule for `.eps' on input line 4
85.

(C:\Users\denni\AppData\Local\Programs\MiKTeX\tex/latex/00miktex\epstopdf-sys.c
fg
File: epstopdf-sys.cfg 2021/03/18 v2.0 Configuration of epstopdf for MiKTeX
))
LaTeX Font Info:    Trying to load font information for T1+lmss on input line 1
35.
 (C:\Users\denni\AppData\Local\Programs\MiKTeX\tex/latex/lm\t1lmss.fd
File: t1lmss.fd 2015/05/01 v1.6.1 Font defs for Latin Modern
)
<HAW_Marke_RGB_300dpi.jpg, id=1, 386.8854pt x 142.3719pt>
File: HAW_Marke_RGB_300dpi.jpg Graphic file (type jpg)
<use HAW_Marke_RGB_300dpi.jpg>
Package pdftex.def Info: HAW_Marke_RGB_300dpi.jpg  used on input line 135.
(pdftex.def)             Requested size: 193.44223pt x 71.18576pt.
LaTeX Font Info:    Trying to load font information for OT1+lmr on input line 1
35.

(C:\Users\denni\AppData\Local\Programs\MiKTeX\tex/latex/lm\ot1lmr.fd
File: ot1lmr.fd 2015/05/01 v1.6.1 Font defs for Latin Modern
)
LaTeX Font Info:    Trying to load font information for OML+lmm on input line 1
35.

(C:\Users\denni\AppData\Local\Programs\MiKTeX\tex/latex/lm\omllmm.fd
File: omllmm.fd 2015/05/01 v1.6.1 Font defs for Latin Modern
)
LaTeX Font Info:    Trying to load font information for OMS+lmsy on input line 
135.

(C:\Users\denni\AppData\Local\Programs\MiKTeX\tex/latex/lm\omslmsy.fd
File: omslmsy.fd 2015/05/01 v1.6.1 Font defs for Latin Modern
)
LaTeX Font Info:    Trying to load font information for OMX+lmex on input line 
135.

(C:\Users\denni\AppData\Local\Programs\MiKTeX\tex/latex/lm\omxlmex.fd
File: omxlmex.fd 2015/05/01 v1.6.1 Font defs for Latin Modern
)
LaTeX Font Info:    External font `lmex10' loaded for size
(Font)              <17.28> on input line 135.
LaTeX Font Info:    External font `lmex10' loaded for size
(Font)              <12> on input line 135.
LaTeX Font Info:    External font `lmex10' loaded for size
(Font)              <10> on input line 135.
LaTeX Font Info:    Trying to load font information for U+msa on input line 135
.

(C:\Users\denni\AppData\Local\Programs\MiKTeX\tex/latex/amsfonts\umsa.fd
File: umsa.fd 2013/01/14 v3.01 AMS symbols A
)
LaTeX Font Info:    Trying to load font information for U+msb on input line 135
.

(C:\Users\denni\AppData\Local\Programs\MiKTeX\tex/latex/amsfonts\umsb.fd
File: umsb.fd 2013/01/14 v3.01 AMS symbols B
)

LaTeX Warning: No \author given.

LaTeX Font Info:    External font `lmex10' loaded for size
(Font)              <8> on input line 140.
LaTeX Font Info:    External font `lmex10' loaded for size
(Font)              <6> on input line 140.

Overfull \hbox (134.91216pt too wide) in paragraph at lines 140--155
[]  
 []

[1


{C:/Users/denni/AppData/Local/MiKTeX/fonts/map/pdftex/pdftex.map}{C:/Users/denn
i/AppData/Local/Programs/MiKTeX/fonts/enc/dvips/lm/lm-ec.enc} <./HAW_Marke_RGB_
300dpi.jpg>] (Dokumentation.toc)
\tf@toc=\write3
\openout3 = `Dokumentation.toc'.

 [2]
Underfull \hbox (badness 10000) in paragraph at lines 166--170

 []


Underfull \hbox (badness 10000) in paragraph at lines 178--184

 []


Overfull \hbox (9.69101pt too wide) in paragraph at lines 178--184
\T1/lmr/m/n/12 In den 1960er Jah-ren wur-den die er-sten ana-lo-gen Syn-the-si-
zer vor-ge-stellt. Am ein-flussreichs-
 []


Underfull \hbox (badness 10000) in paragraph at lines 178--184

 []


Underfull \hbox (badness 10000) in paragraph at lines 187--191

 []

[3] [4]
Underfull \hbox (badness 10000) in paragraph at lines 200--204

 []


Underfull \hbox (badness 10000) in paragraph at lines 200--204

 []


Underfull \hbox (badness 10000) in paragraph at lines 200--204

 []

<Rauminstallation.jpeg, id=20, 3011.25pt x 3011.25pt>
File: Rauminstallation.jpeg Graphic file (type jpg)
<use Rauminstallation.jpeg>
Package pdftex.def Info: Rauminstallation.jpeg  used on input line 206.
(pdftex.def)             Requested size: 331.23853pt x 331.23853pt.
[5 <./Rauminstallation.jpeg>]
Underfull \hbox (badness 10000) in paragraph at lines 212--218

 []


Underfull \hbox (badness 10000) in paragraph at lines 212--218

 []


Underfull \hbox (badness 10000) in paragraph at lines 212--218

 []


Underfull \hbox (badness 10000) in paragraph at lines 212--218

 []

<Blockschaltbild.png, id=24, 890.72775pt x 319.1925pt>
File: Blockschaltbild.png Graphic file (type png)
<use Blockschaltbild.png>
Package pdftex.def Info: Blockschaltbild.png  used on input line 220.
(pdftex.def)             Requested size: 445.36278pt x 159.59586pt.
[6 <./Blockschaltbild.png>]
Underfull \hbox (badness 10000) in paragraph at lines 228--233

 []


Underfull \hbox (badness 10000) in paragraph at lines 228--233

 []

LaTeX Font Info:    Trying to load font information for TS1+lmr on input line 2
34.
(C:\Users\denni\AppData\Local\Programs\MiKTeX\tex/latex/lm\ts1lmr.fd
File: ts1lmr.fd 2015/05/01 v1.6.1 Font defs for Latin Modern
)
Overfull \hbox (11.12396pt too wide) in paragraph at lines 236--237
[]\T1/lmr/bx/n/12 Visuals / Touch-De-si-gner\T1/lmr/m/n/12 : Er-stel-lung von v
er-schie-de-nen TouchDesigner-Projekten,
 []

<road1.png, id=30, 1014.03844pt x 574.39594pt>
File: road1.png Graphic file (type png)
<use road1.png>
Package pdftex.def Info: road1.png  used on input line 244.
(pdftex.def)             Requested size: 268.8813pt x 152.30183pt.

Underfull \hbox (badness 10000) in paragraph at lines 241--246
\T1/lmr/m/n/12 gen.
 []


Overfull \hbox (1.05383pt too wide) in paragraph at lines 248--250
\T1/lmr/m/n/12 Zudem wur-de ei-ne Road-
 []


Underfull \hbox (badness 2556) in paragraph at lines 248--250
\T1/lmr/m/n/12 map er-stellt, um den
 []


Underfull \hbox (badness 6016) in paragraph at lines 248--250
\T1/lmr/m/n/12 es ge-nug Puf-fer ein-
 []


Underfull \hbox (badness 2486) in paragraph at lines 248--250
\T1/lmr/m/n/12 rungs-ge-mäÿ im-mer zu
 []


Underfull \hbox (badness 10000) in paragraph at lines 248--250

 []


Underfull \hbox (badness 10000) in paragraph at lines 248--250

 []

[7{C:/Users/denni/AppData/Local/Programs/MiKTeX/fonts/enc/dvips/lm/lm-ts1.enc} 
<./road1.png>]
<sunvox_1.png, id=37, 593.96906pt x 258.21469pt>
File: sunvox_1.png Graphic file (type png)
<use sunvox_1.png>
Package pdftex.def Info: sunvox_1.png  used on input line 264.
(pdftex.def)             Requested size: 291.28238pt x 126.63268pt.


Package wrapfig Warning: Collision between wrapping environments on input line 
271.

<sunvox_4.png, id=38, 377.91188pt x 249.93375pt>
File: sunvox_4.png Graphic file (type png)
<use sunvox_4.png>
Package pdftex.def Info: sunvox_4.png  used on input line 273.
(pdftex.def)             Requested size: 291.28238pt x 192.64026pt.

Underfull \hbox (badness 2302) in paragraph at lines 267--275
\T1/lmr/m/n/12 so-ge-nann-te Mul-ti-Synth
 []


Underfull \hbox (badness 5288) in paragraph at lines 267--275
\T1/lmr/m/n/12 Mo-dul, wel-ches all-ge-
 []


Overfull \hbox (11.01102pt too wide) in paragraph at lines 267--275
\T1/lmr/m/n/12 mein ge-nutzt wer-den kann,
 []


Underfull \hbox (badness 7540) in paragraph at lines 267--275
\T1/lmr/m/n/12 stimm-te Ei-gen-schaf-ten
 []


Underfull \hbox (badness 10000) in paragraph at lines 267--275

 []


Underfull \hbox (badness 10000) in paragraph at lines 267--275

 []

[8 <./sunvox_1.png>]

Package wrapfig Warning: Stationary wrapfigure forced to float on input line 27
5.


Package wrapfig Warning: Collision between wrapping environments on input line 
282.

<sunvox_3.png, id=43, 279.29344pt x 359.84438pt>
File: sunvox_3.png Graphic file (type png)
<use sunvox_3.png>
Package pdftex.def Info: sunvox_3.png  used on input line 284.
(pdftex.def)             Requested size: 201.65755pt x 259.8235pt.

Underfull \hbox (badness 10000) in paragraph at lines 285--285
[][]\T1/lmr/m/n/12 Parameter des Gra-nu-la-tor
 []


Overfull \hbox (0.79306pt too wide) in paragraph at lines 277--286
\T1/lmr/m/n/12 ge-wünsch-ten Funk-tio-nen
 []


Overfull \hbox (10.51587pt too wide) in paragraph at lines 277--286
\T1/lmr/m/n/12 zum Auf-neh-men und Rein-
 []


Underfull \hbox (badness 4621) in paragraph at lines 277--286
\T1/lmr/m/n/12 im In-ter-face aus-wähl-
 []


Underfull \hbox (badness 2050) in paragraph at lines 277--286
\T1/lmr/m/n/12 stel-lung ei-ner vollends
 []


Underfull \hbox (badness 1584) in paragraph at lines 277--286
\T1/lmr/m/n/12 Mi-kro-con-trol-ler ge-steu-
 []


Underfull \hbox (badness 10000) in paragraph at lines 277--286

 []


Underfull \hbox (badness 10000) in paragraph at lines 277--286

 []


Underfull \hbox (badness 10000) in paragraph at lines 277--286

 []


Package wrapfig Warning: Stationary wrapfigure forced to float on input line 28
6.

[9 <./sunvox_4.png>]
<sunvox_2.png, id=48, 1066.7353pt x 330.48468pt>
File: sunvox_2.png Graphic file (type png)
<use sunvox_2.png>
Package pdftex.def Info: sunvox_2.png  used on input line 291.
(pdftex.def)             Requested size: 448.13095pt x 138.83287pt.

Underfull \hbox (badness 1412) in paragraph at lines 288--294
[]\T1/lmr/m/n/12 Somit stand schnell ein Pro-jekt, dass
 []


Underfull \hbox (badness 4967) in paragraph at lines 288--294
\T1/lmr/m/n/12 grund-le-gend als Gra-nu-lar Syn-the-si-zer
 []


Underfull \hbox (badness 4792) in paragraph at lines 288--294
\T1/lmr/m/n/12 auf-ga-be, aus-zu-lo-ten, wel-che an-steu-er-
 []


Underfull \hbox (badness 2707) in paragraph at lines 288--294
\T1/lmr/m/n/12 ba-ren Pa-ra-me-ter sich in Sun-Vox am
 []


Underfull \hbox (badness 2426) in paragraph at lines 288--294
\T1/lmr/m/n/12 be-sten für die Be-die-nung an un-se-rer
 []


Underfull \hbox (badness 2717) in paragraph at lines 288--294
\T1/lmr/m/n/12 den zur Aus-wahl, die teil-wei-se stark
 []


Underfull \hbox (badness 2903) in paragraph at lines 288--294
\T1/lmr/m/n/12 Um es nicht zu kom-pli-ziert zu hal-
 []


Underfull \hbox (badness 1527) in paragraph at lines 288--294
\T1/lmr/m/n/12 ten, da es oh-ne-hin mit ei-nem ge-wis-
 []


Underfull \hbox (badness 4036) in paragraph at lines 288--294
\T1/lmr/m/n/12 the-si-zer zu spie-len, wur-den am En-
 []


Underfull \hbox (badness 2205) in paragraph at lines 288--294
\T1/lmr/m/n/12 de aber nur die wich-tig-sten Pa-ra-me-
 []


Underfull \hbox (badness 1259) in paragraph at lines 288--294
\T1/lmr/m/n/12 tor-ti-on ge-mappt (letz-te-re wa-ren eben-
 []


Underfull \hbox (badness 10000) in paragraph at lines 288--294

 []

[10 <./sunvox_3.png> <./sunvox_2.png>]
<sunvox_5.png, id=54, 377.91188pt x 248.42813pt>
File: sunvox_5.png Graphic file (type png)
<use sunvox_5.png>
Package pdftex.def Info: sunvox_5.png  used on input line 298.
(pdftex.def)             Requested size: 291.28238pt x 191.47978pt.

Underfull \hbox (badness 10000) in paragraph at lines 295--300

 []


Overfull \hbox (0.16515pt too wide) in paragraph at lines 302--303
\T1/lmr/m/n/12 Als Al-ter-na-ti-ve lässt sich
 []


Underfull \hbox (badness 3826) in paragraph at lines 302--303
\T1/lmr/m/n/12 muss aber je-des Mal
 []


Underfull \hbox (badness 3713) in paragraph at lines 302--303
\T1/lmr/m/n/12 macht wer-den, so-bald
 []


Underfull \hbox (badness 2556) in paragraph at lines 302--303
\T1/lmr/m/n/12 ein neu-es Sam-ple ge-
 []


Underfull \hbox (badness 1122) in paragraph at lines 302--303
\T1/lmr/m/n/12 Hard-wa-re steu-ern soll-
 []


Underfull \hbox (badness 10000) in paragraph at lines 302--303

 []


Underfull \hbox (badness 10000) in paragraph at lines 310--313

 []

[11 <./sunvox_5.png>]
Underfull \hbox (badness 10000) in paragraph at lines 326--327

 []

<wokwi.png, id=59, 664.73344pt x 258.21469pt>
File: wokwi.png Graphic file (type png)
<use wokwi.png>
Package pdftex.def Info: wokwi.png  used on input line 330.
(pdftex.def)             Requested size: 291.28238pt x 113.14989pt.

Underfull \hbox (badness 2707) in paragraph at lines 334--340
\T1/lmr/m/n/12 ste Schal-tung mit ei-
 []


Underfull \hbox (badness 1342) in paragraph at lines 334--340
\T1/lmr/m/n/12 ser dann um die MI-
 []


Underfull \hbox (badness 10000) in paragraph at lines 334--340

 []


Underfull \hbox (badness 10000) in paragraph at lines 334--340

 []

[12 <./wokwi.png>]
<code_1.png, id=64, 667.74469pt x 633.11531pt>
File: code_1.png Graphic file (type png)
<use code_1.png>
Package pdftex.def Info: code_1.png  used on input line 345.
(pdftex.def)             Requested size: 333.87152pt x 316.55687pt.
<code_2.png, id=65, 353.06906pt x 140.77594pt>
File: code_2.png Graphic file (type png)
<use code_2.png>
Package pdftex.def Info: code_2.png  used on input line 351.
(pdftex.def)             Requested size: 176.53409pt x 70.38779pt.
 [13 <./code_1.png> <./code_2.png>] [14]
<hw_1.jpg, id=75, 706.13812pt x 616.55344pt>
File: hw_1.jpg Graphic file (type jpg)
<use hw_1.jpg>
Package pdftex.def Info: hw_1.jpg  used on input line 368.
(pdftex.def)             Requested size: 211.84306pt x 184.96745pt.
<hw_2.png, id=76, 878.53218pt x 567.62062pt>
File: hw_2.png Graphic file (type png)
<use hw_2.png>
Package pdftex.def Info: hw_2.png  used on input line 374.
(pdftex.def)             Requested size: 263.56168pt x 170.28749pt.
<hw_3.png, id=77, 481.04718pt x 407.27156pt>
File: hw_3.png Graphic file (type png)
<use hw_3.png>
Package pdftex.def Info: hw_3.png  used on input line 382.
(pdftex.def)             Requested size: 240.523pt x 203.63527pt.

Underfull \hbox (badness 10000) in paragraph at lines 364--385

 []

[15 <./hw_1.jpg> <./hw_2.png>] [16 <./hw_3.png>]
<td_1.jpg, id=86, 376.90813pt x 183.18437pt>
File: td_1.jpg Graphic file (type jpg)
<use td_1.jpg>
Package pdftex.def Info: td_1.jpg  used on input line 397.
(pdftex.def)             Requested size: 313.69029pt x 152.45946pt.

Underfull \hbox (badness 4229) in paragraph at lines 401--404
\T1/lmr/m/n/12 des ^^RCross^^P geht ein
 []


Underfull \hbox (badness 1237) in paragraph at lines 401--404
\T1/lmr/m/n/12 schen den Vi-suals be-
 []


Underfull \hbox (badness 1270) in paragraph at lines 401--404
\T1/lmr/m/n/12 nö-tigt wird. Am Aus-
 []


Underfull \hbox (badness 1565) in paragraph at lines 401--404
\T1/lmr/m/n/12 den Über-gang gibt es
 []


Overfull \hbox (1.28519pt too wide) in paragraph at lines 401--404
\T1/lmr/m/n/12 einen au-to-ma-ti-schen und
 []


Underfull \hbox (badness 10000) in paragraph at lines 401--404

 []

[17 <./td_1.jpg>]
Underfull \hbox (badness 1342) in paragraph at lines 412--414
[]\T1/lmr/m/n/12 In die-sem Audio-Visualizer wird
 []

<td_2.png, id=90, 115.9605pt x 108.405pt>
File: td_2.png Graphic file (type png)
<use td_2.png>
Package pdftex.def Info: td_2.png  used on input line 418.
(pdftex.def)             Requested size: 224.06548pt x 209.47836pt.

Underfull \hbox (badness 2717) in paragraph at lines 424--426
[]\T1/lmr/m/n/12 Eine Röh-re wird ver-formt und
 []


Underfull \hbox (badness 2310) in paragraph at lines 424--426
\T1/lmr/m/n/12 durch ein Noise-TOP ge-schickt.
 []


Underfull \hbox (badness 1708) in paragraph at lines 424--426
\T1/lmr/m/n/12 Qua-dra-ten ab-ge-bil-det. Das Noi-
 []


Underfull \hbox (badness 1803) in paragraph at lines 424--426
\T1/lmr/m/n/12 se wird durch den Audio-Input
 []


Underfull \hbox (badness 5417) in paragraph at lines 424--426
\T1/lmr/m/n/12 ver-än-dert, wo-durch die Audio-
 []

<td_3.png, id=91, 126.4725pt x 111.033pt>
File: td_3.png Graphic file (type png)
<use td_3.png>
Package pdftex.def Info: td_3.png  used on input line 430.
(pdftex.def)             Requested size: 224.06548pt x 196.71643pt.

Underfull \hbox (badness 1577) in paragraph at lines 439--441
[]\T1/lmr/m/n/12 Hier wird ei-ne ver-form-te Ku-gel
 []

<td_4.png, id=92, 123.516pt x 120.5595pt>
File: td_4.png Graphic file (type png)
<use td_4.png>
Package pdftex.def Info: td_4.png  used on input line 445.
(pdftex.def)             Requested size: 224.06548pt x 218.70113pt.

Underfull \hbox (badness 1331) in paragraph at lines 451--453
[]\T1/lmr/m/n/12 Dieses Vi-su-al ba-siert auf ei-nem
 []


Underfull \hbox (badness 1132) in paragraph at lines 451--453
\T1/lmr/m/n/12 tur. Um den Ef-fekt zu ver-stär-
 []

<td_6.jpg, id=93, 136.656pt x 114.318pt>
File: td_6.jpg Graphic file (type jpg)
<use td_6.jpg>
Package pdftex.def Info: td_6.jpg  used on input line 457.
(pdftex.def)             Requested size: 224.06548pt x 187.45828pt.

Underfull \hbox (badness 10000) in paragraph at lines 410--460

 []


Underfull \hbox (badness 10000) in paragraph at lines 410--460

 []


Underfull \hbox (badness 10000) in paragraph at lines 410--460

 []


Underfull \hbox (badness 10000) in paragraph at lines 410--460

 []


Underfull \hbox (badness 10000) in paragraph at lines 410--460

 []


Underfull \hbox (badness 10000) in paragraph at lines 410--460

 []


Underfull \hbox (badness 10000) in paragraph at lines 410--460

 []


Underfull \hbox (badness 10000) in paragraph at lines 410--460

 []


Underfull \hbox (badness 10000) in paragraph at lines 410--460

 []


Underfull \hbox (badness 10000) in paragraph at lines 410--460

 []


Underfull \hbox (badness 10000) in paragraph at lines 410--460

 []


Underfull \hbox (badness 10000) in paragraph at lines 410--460

 []


Underfull \hbox (badness 10000) in paragraph at lines 410--460

 []

[18 <./td_2.png> <./td_3.png>] [19 <./td_4.png> <./td_6.jpg>]
<td_5.png, id=104, 124.83pt x 110.7045pt>
File: td_5.png Graphic file (type png)
<use td_5.png>
Package pdftex.def Info: td_5.png  used on input line 464.
(pdftex.def)             Requested size: 268.8813pt x 238.48807pt.

Underfull \hbox (badness 10000) in paragraph at lines 461--466
\T1/lmr/bx/n/12 Donut
 []


Overfull \hbox (5.7008pt too wide) in paragraph at lines 468--469
\T1/lmr/m/n/12 Für den Hin-ter-grund wird
 []


Underfull \hbox (badness 4686) in paragraph at lines 468--469
\T1/lmr/m/n/12 se^^P Tops ei-ne Wol-ke
 []


Underfull \hbox (badness 1902) in paragraph at lines 468--469
\T1/lmr/m/n/12 aus vie-len Ku-geln er-
 []


Overfull \hbox (16.80344pt too wide) in paragraph at lines 472--476
\T1/lmr/m/n/12 Damit Touch-Designer das Au-dio aus Sun-vox emp-fan-gen kann, mu
ss ent-we-der ein Loopback-
 []


Underfull \hbox (badness 10000) in paragraph at lines 472--476

 []

[20 <./td_5.png>] [21]
\tf@thm=\write4
\openout4 = `Dokumentation.thm'.

 [22] (Dokumentation.aux)
 ***********
LaTeX2e <2023-06-01> patch level 1
L3 programming layer <2023-10-23>
 ***********
 ) 
Here is how much of TeX's memory you used:
 10418 strings out of 474718
 221599 string characters out of 5748456
 1937036 words of memory out of 5000000
 32325 multiletter control sequences out of 15000+600000
 608477 words of font info for 75 fonts, out of 8000000 for 9000
 1141 hyphenation exceptions out of 8191
 108i,19n,107p,10910b,494s stack positions out of 10000i,1000n,20000p,200000b,200000s
<C:/Users/denni/AppData/Local/Programs/MiKTeX/fonts/type1/public/lm/lmbx12.pf
b><C:/Users/denni/AppData/Local/Programs/MiKTeX/fonts/type1/public/lm/lmr12.pfb
><C:/Users/denni/AppData/Local/Programs/MiKTeX/fonts/type1/public/lm/lmr17.pfb>
<C:/Users/denni/AppData/Local/Programs/MiKTeX/fonts/type1/public/lm/lmro12.pfb>
<C:/Users/denni/AppData/Local/Programs/MiKTeX/fonts/type1/public/lm/lmssbx10.pf
b>
Output written on Dokumentation.pdf (22 pages, 2693259 bytes).
PDF statistics:
 141 PDF objects out of 1000 (max. 8388607)
 0 named destinations out of 1000 (max. 500000)
 106 words of extra memory for PDF output out of 10000 (max. 10000000)

